Arguments: 
  /usr/local/bin/node /usr/local/bin/yarn install

PATH: 
  /Applications/XAMPP/bin:/usr/local/bin:/usr/bin:/bin:/usr/sbin:/sbin

Yarn version: 
  1.22.10

Node version: 
  14.16.0

Platform: 
  darwin x64

Trace: 
  Error: getaddrinfo ENOTFOUND registry.yarnpkg.com
      at GetAddrInfoReqWrap.onlookup [as oncomplete] (dns.js:67:26)

npm manifest: 
  {
    "name": "Muntu-admin",
    "version": "7.0.5",
    "private": true,
    "homepage": "",
    "scripts": {
      "serve": "cp-cli build _site/react/preview/react/demo1 && serve",
      "start": "react-scripts start",
      "build": "react-scripts build",
      "test": "react-scripts test",
      "eject": "react-scripts eject",
      "lint": "eslint src",
      "format": "prettier --write \"src/**/*.{js,css,scss,html}\"",
      "rtl": "webpack",
      "git_push": "node -e \"const mssg = ' ' + process.argv[1]; require('child_process').execSync('git add . && git commit -m \\\"' + mssg + '\\\" && git push -u origin master', { stdio:[0, 1, 2] } ) \"",
      "push_build": "node -e \"const mssg = ' ' + process.argv[1]; require('child_process').execSync('npm run build && git add . && git commit -m \\\"' + mssg + '\\\" && git push -u origin master', { stdio:[0, 1, 2] } ) \""
    },
    "eslintConfig": {
      "extends": "react-app"
    },
    "browserslist": {
      "production": [
        ">0.2%",
        "not dead",
        "not op_mini all",
        "ie 11"
      ],
      "development": [
        "last 1 chrome version",
        "last 1 firefox version",
        "last 1 safari version",
        "last 1 edge version",
        "IE 11"
      ]
    },
    "dependencies": {
      "@babel/core": "^7.14.6",
      "@babel/preset-env": "^7.14.7",
      "@date-io/date-fns": "2.6.1",
      "@formatjs/intl-pluralrules": "1.3.5",
      "@fortawesome/fontawesome-free": "^5.15.3",
      "@manaflair/redux-batch": "1.0.0",
      "@material-ui/core": "4.9.14",
      "@material-ui/icons": "4.9.1",
      "@material-ui/lab": "4.0.0-alpha.53",
      "@material-ui/pickers": "3.2.10",
      "@material-ui/styles": "4.9.14",
      "@reduxjs/toolkit": "1.3.6",
      "@tanem/svg-injector": "8.0.50",
      "axios": "0.19.2",
      "axios-mock-adapter": "1.18.1",
      "bootstrap": "4.5.0",
      "clipboard-copy": "3.1.0",
      "clsx": "1.1.0",
      "cp-cli": "2.0.0",
      "create-app-react": "^1.0.6",
      "date-fns": "2.8.1",
      "dotenv": "^8.2.0",
      "fg-loadcss": "2.1.0",
      "formik": "2.1.4",
      "highcharts": "^8.2.2",
      "highcharts-react-official": "^3.0.0",
      "jss-rtl": "^0.3.0",
      "lodash": "4.17.15",
      "material-ui-popup-state": "1.4.1",
      "moment": "^2.29.1",
      "node-gyp": "^7.1.2",
      "node-sass": "^4.14.1",
      "object-path": "0.11.4",
      "perfect-scrollbar": "1.5.0",
      "prop-types": "15.7.2",
      "react": "^17.0.2",
      "react-bootstrap": "1.0.1",
      "react-bootstrap-table-next": "^4.0.2",
      "react-bootstrap-table-pro": "^0.0.5",
      "react-bootstrap-table2-paginator": "2.1.2",
      "react-datepicker": "2.16.0",
      "react-dnd": "^14.0.2",
      "react-dnd-html5-backend": "^14.0.0",
      "react-dom": "17.0.2",
      "react-draggable": "4.4.2",
      "react-dropzone": "^11.2.4",
      "react-inlinesvg": "1.2.0",
      "react-intl": "3.6.2",
      "react-is": "16.13.1",
      "react-perfect-scrollbar": "1.5.8",
      "react-portal": "4.2.0",
      "react-redux": "7.1.3",
      "react-router-dom": "5.1.2",
      "react-scripts": "3.2.0",
      "react-select": "3.1.0",
      "react-syntax-highlighter": "12.2.1",
      "react-tag-input": "^6.7.0",
      "redux": "4.0.5",
      "redux-persist": "6.0.0",
      "redux-saga": "1.1.3",
      "simple-react-lightbox": "^3.3.4-2",
      "socicon": "3.0.5",
      "sweetalert": "^2.1.2",
      "yup": "0.29.0"
    },
    "devDependencies": {
      "copyfiles": "2.1.1",
      "prettier": "1.19.1",
      "serve": "11.2.0",
      "webpack-cli": "3.3.11",
      "webpack-messages": "2.0.4",
      "webpack-rtl-plugin": "2.0.0"
    }
  }

yarn manifest: 
  No manifest

Lockfile: 
  No lockfile
